Using pre-set license
Built from '2020.3/staging' branch; Version is '2020.3.33f1 (915a7af8b0d5) revision 9525882'; Using compiler version '192528614'; Build Type 'Release'
OS: 'Windows 10  (10.0.19044) 64bit CoreSingleLanguage' Language: 'es' Physical Memory: 16177 MB
BatchMode: 1, IsHumanControllingUs: 0, StartBugReporterOnCrash: 0, Is64bit: 1, IsPro: 0

COMMAND LINE ARGUMENTS:
C:\Program Files\Unity\Hub\Editor\2020.3.33f1\Editor\Unity.exe
-adb2
-batchMode
-noUpm
-name
AssetImportWorker0
-projectPath
D:/Projects/ProtoType/Prototype-M/Mecanicas-Base
-logFile
Logs/AssetImportWorker0.log
-srvPort
64719
Successfully changed project path to: D:/Projects/ProtoType/Prototype-M/Mecanicas-Base
D:/Projects/ProtoType/Prototype-M/Mecanicas-Base
Using Asset Import Pipeline V2.
Refreshing native plugins compatible for Editor in 38.83 ms, found 2 plugins.
Preloading 0 native plugins for Editor in 0.00 ms.
Initialize engine version: 2020.3.33f1 (915a7af8b0d5)
[Subsystems] Discovering subsystems at path C:/Program Files/Unity/Hub/Editor/2020.3.33f1/Editor/Data/Resources/UnitySubsystems
[Subsystems] Discovering subsystems at path D:/Projects/ProtoType/Prototype-M/Mecanicas-Base/Assets
GfxDevice: creating device client; threaded=0
Direct3D:
    Version:  Direct3D 11.0 [level 11.1]
    Renderer: NVIDIA GeForce GTX 1650 Ti (ID=0x1f95)
    Vendor:   
    VRAM:     3962 MB
    Driver:   30.0.15.1169
Initialize mono
Mono path[0] = 'C:/Program Files/Unity/Hub/Editor/2020.3.33f1/Editor/Data/Managed'
Mono path[1] = 'C:/Program Files/Unity/Hub/Editor/2020.3.33f1/Editor/Data/MonoBleedingEdge/lib/mono/unityjit'
Mono config path = 'C:/Program Files/Unity/Hub/Editor/2020.3.33f1/Editor/Data/MonoBleedingEdge/etc'
Using monoOptions --debugger-agent=transport=dt_socket,embedding=1,server=y,suspend=n,address=127.0.0.1:56884
Begin MonoManager ReloadAssembly
Registering precompiled unity dll's ...
Register platform support module: C:/Program Files/Unity/Hub/Editor/2020.3.33f1/Editor/Data/PlaybackEngines/WebGLSupport/UnityEditor.WebGL.Extensions.dll
Register platform support module: C:/Program Files/Unity/Hub/Editor/2020.3.33f1/Editor/Data/PlaybackEngines/WindowsStandaloneSupport/UnityEditor.WindowsStandalone.Extensions.dll
Registered in 0.003053 seconds.
Native extension for WindowsStandalone target not found
Native extension for WebGL target not found
Refreshing native plugins compatible for Editor in 38.85 ms, found 2 plugins.
Preloading 0 native plugins for Editor in 0.00 ms.
Mono: successfully reloaded assembly
- Completed reload, in  0.557 seconds
Domain Reload Profiling:
	ReloadAssembly (558ms)
		BeginReloadAssembly (63ms)
			ExecutionOrderSort (0ms)
			DisableScriptedObjects (0ms)
			BackupInstance (0ms)
			ReleaseScriptingObjects (0ms)
			CreateAndSetChildDomain (1ms)
		EndReloadAssembly (423ms)
			LoadAssemblies (62ms)
			RebuildTransferFunctionScriptingTraits (0ms)
			SetupTypeCache (139ms)
			ReleaseScriptCaches (0ms)
			RebuildScriptCaches (29ms)
			SetupLoadedEditorAssemblies (160ms)
				LogAssemblyErrors (0ms)
				InitializePlatformSupportModulesInManaged (5ms)
				SetLoadedEditorAssemblies (0ms)
				RefreshPlugins (39ms)
				BeforeProcessingInitializeOnLoad (15ms)
				ProcessInitializeOnLoadAttributes (76ms)
				ProcessInitializeOnLoadMethodAttributes (26ms)
				AfterProcessingInitializeOnLoad (0ms)
				EditorAssembliesLoaded (0ms)
			ExecutionOrderSort2 (0ms)
			AwakeInstancesAfterBackupRestoration (0ms)
Platform modules already initialized, skipping
Registering precompiled user dll's ...
Registered in 0.002843 seconds.
Begin MonoManager ReloadAssembly
Symbol file LoadedFromMemory doesn't match image D:\Projects\ProtoType\Prototype-M\Mecanicas-Base\Library\PackageCache\com.unity.collab-proxy@1.15.15\Lib\Editor\PlasticSCM\unityplastic.dll
Native extension for WindowsStandalone target not found
Native extension for WebGL target not found
Refreshing native plugins compatible for Editor in 0.40 ms, found 2 plugins.
Preloading 0 native plugins for Editor in 0.00 ms.
Mono: successfully reloaded assembly
- Completed reload, in  0.989 seconds
Domain Reload Profiling:
	ReloadAssembly (990ms)
		BeginReloadAssembly (140ms)
			ExecutionOrderSort (0ms)
			DisableScriptedObjects (4ms)
			BackupInstance (0ms)
			ReleaseScriptingObjects (0ms)
			CreateAndSetChildDomain (19ms)
		EndReloadAssembly (794ms)
			LoadAssemblies (89ms)
			RebuildTransferFunctionScriptingTraits (0ms)
			SetupTypeCache (274ms)
			ReleaseScriptCaches (0ms)
			RebuildScriptCaches (45ms)
			SetupLoadedEditorAssemblies (310ms)
				LogAssemblyErrors (0ms)
				InitializePlatformSupportModulesInManaged (5ms)
				SetLoadedEditorAssemblies (0ms)
				RefreshPlugins (1ms)
				BeforeProcessingInitializeOnLoad (81ms)
				ProcessInitializeOnLoadAttributes (209ms)
				ProcessInitializeOnLoadMethodAttributes (8ms)
				AfterProcessingInitializeOnLoad (7ms)
				EditorAssembliesLoaded (0ms)
			ExecutionOrderSort2 (0ms)
			AwakeInstancesAfterBackupRestoration (5ms)
Platform modules already initialized, skipping
========================================================================
Worker process is ready to serve import requests
Launched and connected shader compiler UnityShaderCompiler.exe after 0.06 seconds
Refreshing native plugins compatible for Editor in 0.50 ms, found 2 plugins.
Preloading 0 native plugins for Editor in 0.00 ms.
Unloading 2056 Unused Serialized files (Serialized files now loaded: 0)
System memory in use before: 94.9 MB.
System memory in use after: 94.9 MB.

Unloading 20 unused Assets to reduce memory usage. Loaded Objects now: 2500.
Total: 2.441600 ms (FindLiveObjects: 0.153500 ms CreateObjectMapping: 0.075800 ms MarkObjects: 2.117100 ms  DeleteObjects: 0.094600 ms)

AssetImportParameters requested are different than current active one (requested -> active):
  custom:framework-win-MediaFoundation: 216162199b28c13a410421893ffa2e32 -> 
  custom:video-decoder-ogg-theora: a1e56fd34408186e4bbccfd4996cb3dc -> 
  custom:container-muxer-webm: aa71ff27fc2769a1b78a27578f13a17b -> 
  custom:container-demuxer-webm: 4f35f7cbe854078d1ac9338744f61a02 -> 
  custom:container-demuxer-ogg: 62fdf1f143b41e24485cea50d1cbac27 -> 
  custom:video-encoder-webm-vp8: eb34c28f22e8b96e1ab97ce403110664 -> 
  custom:video-decoder-webm-vp8: 9c59270c3fd7afecdb556c50c9e8de78 -> 
  custom:audio-decoder-ogg-vorbis: bf7c407c2cedff20999df2af8eb42d56 -> 
  custom:audio-encoder-webm-vorbis: bf7c407c2cedff20999df2af8eb42d56 -> 
========================================================================
Received Import Request.
  path: Assets/Quixel/Megascans/3D_Assets/Modular Building Base Wall Kit_vjqjebjdw/Prefabs/Modular Building Base Wall Kit_vjqjebjdw_Var4.prefab
  artifactKey: Guid(de11b7f7e14f8de459ad5ea98a11a2cd) Importer(815301076,1909f56bfc062723c751e8b465ee728b)
Start importing Assets/Quixel/Megascans/3D_Assets/Modular Building Base Wall Kit_vjqjebjdw/Prefabs/Modular Building Base Wall Kit_vjqjebjdw_Var4.prefab using Guid(de11b7f7e14f8de459ad5ea98a11a2cd) Importer(815301076,1909f56bfc062723c751e8b465ee728b)  -> (artifact id: 'ae5bf7e45e37554e50a82b5ec64b3821') in 0.144172 seconds 
========================================================================
Received Import Request.
  Time since last request: 21.071321 seconds.
  path: Assets/ParticleSystems/Materials/ParticleDuststorm.mat
  artifactKey: Guid(7911795df27dd464190eed77dda90191) Importer(815301076,1909f56bfc062723c751e8b465ee728b)
Start importing Assets/ParticleSystems/Materials/ParticleDuststorm.mat using Guid(7911795df27dd464190eed77dda90191) Importer(815301076,1909f56bfc062723c751e8b465ee728b)  -> (artifact id: '865e6c3f24a3896637c0d927df23c29a') in 0.113747 seconds 
========================================================================
Received Import Request.
  Time since last request: 7.086160 seconds.
  path: Assets/ParticleSystems/Particles/Materials/Materials/Rain.mat
  artifactKey: Guid(1efbdc39a6a2b5b49813ac3343f61d65) Importer(815301076,1909f56bfc062723c751e8b465ee728b)
Start importing Assets/ParticleSystems/Particles/Materials/Materials/Rain.mat using Guid(1efbdc39a6a2b5b49813ac3343f61d65) Importer(815301076,1909f56bfc062723c751e8b465ee728b)  -> (artifact id: '27de34319a12fffccf823d4a39546bb0') in 0.100409 seconds 
========================================================================
Received Prepare
Registering precompiled user dll's ...
Registered in 0.002403 seconds.
Begin MonoManager ReloadAssembly
Symbol file LoadedFromMemory doesn't match image D:\Projects\ProtoType\Prototype-M\Mecanicas-Base\Library\PackageCache\com.unity.collab-proxy@1.15.15\Lib\Editor\PlasticSCM\unityplastic.dll
Native extension for WindowsStandalone target not found
Native extension for WebGL target not found
Refreshing native plugins compatible for Editor in 0.42 ms, found 2 plugins.
Preloading 0 native plugins for Editor in 0.00 ms.
Mono: successfully reloaded assembly
- Completed reload, in  0.941 seconds
Domain Reload Profiling:
	ReloadAssembly (942ms)
		BeginReloadAssembly (113ms)
			ExecutionOrderSort (0ms)
			DisableScriptedObjects (4ms)
			BackupInstance (0ms)
			ReleaseScriptingObjects (0ms)
			CreateAndSetChildDomain (30ms)
		EndReloadAssembly (774ms)
			LoadAssemblies (90ms)
			RebuildTransferFunctionScriptingTraits (0ms)
			SetupTypeCache (263ms)
			ReleaseScriptCaches (1ms)
			RebuildScriptCaches (40ms)
			SetupLoadedEditorAssemblies (292ms)
				LogAssemblyErrors (0ms)
				InitializePlatformSupportModulesInManaged (4ms)
				SetLoadedEditorAssemblies (0ms)
				RefreshPlugins (0ms)
				BeforeProcessingInitializeOnLoad (70ms)
				ProcessInitializeOnLoadAttributes (199ms)
				ProcessInitializeOnLoadMethodAttributes (11ms)
				AfterProcessingInitializeOnLoad (7ms)
				EditorAssembliesLoaded (0ms)
			ExecutionOrderSort2 (0ms)
			AwakeInstancesAfterBackupRestoration (6ms)
Platform modules already initialized, skipping
Refreshing native plugins compatible for Editor in 0.42 ms, found 2 plugins.
Preloading 0 native plugins for Editor in 0.00 ms.
Unloading 2013 Unused Serialized files (Serialized files now loaded: 0)
System memory in use before: 94.4 MB.
System memory in use after: 94.4 MB.

Unloading 14 unused Assets to reduce memory usage. Loaded Objects now: 2544.
Total: 2.590500 ms (FindLiveObjects: 0.157900 ms CreateObjectMapping: 0.078900 ms MarkObjects: 2.263600 ms  DeleteObjects: 0.089100 ms)

AssetImportParameters requested are different than current active one (requested -> active):
  custom:framework-win-MediaFoundation: 216162199b28c13a410421893ffa2e32 -> 
  custom:video-decoder-ogg-theora: a1e56fd34408186e4bbccfd4996cb3dc -> 
  custom:container-muxer-webm: aa71ff27fc2769a1b78a27578f13a17b -> 
  custom:container-demuxer-webm: 4f35f7cbe854078d1ac9338744f61a02 -> 
  custom:container-demuxer-ogg: 62fdf1f143b41e24485cea50d1cbac27 -> 
  custom:video-encoder-webm-vp8: eb34c28f22e8b96e1ab97ce403110664 -> 
  custom:video-decoder-webm-vp8: 9c59270c3fd7afecdb556c50c9e8de78 -> 
  custom:audio-decoder-ogg-vorbis: bf7c407c2cedff20999df2af8eb42d56 -> 
  custom:audio-encoder-webm-vorbis: bf7c407c2cedff20999df2af8eb42d56 -> 
========================================================================
Received Import Request.
  Time since last request: 886.537180 seconds.
  path: Assets/Fbx/DarioPLayer
  artifactKey: Guid(a4f92eca1a3035a4495b41ae6e2cc195) Importer(815301076,1909f56bfc062723c751e8b465ee728b)
Start importing Assets/Fbx/DarioPLayer using Guid(a4f92eca1a3035a4495b41ae6e2cc195) Importer(815301076,1909f56bfc062723c751e8b465ee728b)  -> (artifact id: '58769d74c08feaa338484b301b48faa4') in 0.349516 seconds 
========================================================================
Received Import Request.
  Time since last request: 0.000244 seconds.
  path: Assets/Fbx/DarioPLayer/Mesh_0039Mat.mat
  artifactKey: Guid(c22d4ef932b28864ab8fd34e17061f9e) Importer(815301076,1909f56bfc062723c751e8b465ee728b)
Start importing Assets/Fbx/DarioPLayer/Mesh_0039Mat.mat using Guid(c22d4ef932b28864ab8fd34e17061f9e) Importer(815301076,1909f56bfc062723c751e8b465ee728b)  -> (artifact id: '2c4b72821250a82d70462f6368029cef') in 0.087485 seconds 
========================================================================
Received Import Request.
  Time since last request: 0.000166 seconds.
  path: Assets/Fbx/DarioPLayer/Mesh_0041Mat.mat
  artifactKey: Guid(0503346399fd11e4db19e981646641a3) Importer(815301076,1909f56bfc062723c751e8b465ee728b)
Start importing Assets/Fbx/DarioPLayer/Mesh_0041Mat.mat using Guid(0503346399fd11e4db19e981646641a3) Importer(815301076,1909f56bfc062723c751e8b465ee728b)  -> (artifact id: '3e6859c9e9a6b20ee27e679e5822355b') in 0.061373 seconds 
========================================================================
Received Import Request.
  Time since last request: 0.000118 seconds.
  path: Assets/Fbx/DarioPLayer/Mesh_0046Mat.mat
  artifactKey: Guid(911ec8fffda1c79469e00adbcf654464) Importer(815301076,1909f56bfc062723c751e8b465ee728b)
Start importing Assets/Fbx/DarioPLayer/Mesh_0046Mat.mat using Guid(911ec8fffda1c79469e00adbcf654464) Importer(815301076,1909f56bfc062723c751e8b465ee728b)  -> (artifact id: 'c54dc1649c9f192dbc9dc8ee6af9d4be') in 0.025949 seconds 
========================================================================
Received Import Request.
  Time since last request: 0.000169 seconds.
  path: Assets/Fbx/DarioPLayer/Mesh_0040Mat.mat
  artifactKey: Guid(bf6648e76795fe44b8f4bffb746c14a0) Importer(815301076,1909f56bfc062723c751e8b465ee728b)
Start importing Assets/Fbx/DarioPLayer/Mesh_0040Mat.mat using Guid(bf6648e76795fe44b8f4bffb746c14a0) Importer(815301076,1909f56bfc062723c751e8b465ee728b)  -> (artifact id: '2ab867d9e9c423c6cc06cd75fc0b554b') in 0.033301 seconds 
========================================================================
Received Import Request.
  Time since last request: 0.000182 seconds.
  path: Assets/Fbx/DarioPLayer/Mesh_0038Mat.mat
  artifactKey: Guid(6ed4cea322e28f5408f0d425b5a48f8e) Importer(815301076,1909f56bfc062723c751e8b465ee728b)
Start importing Assets/Fbx/DarioPLayer/Mesh_0038Mat.mat using Guid(6ed4cea322e28f5408f0d425b5a48f8e) Importer(815301076,1909f56bfc062723c751e8b465ee728b)  -> (artifact id: '4ceb29ea64d75e93df43d2d6736d2e07') in 0.013137 seconds 
========================================================================
Received Import Request.
  Time since last request: 0.000165 seconds.
  path: Assets/Fbx/DarioPLayer/Mesh_0044Mat.mat
  artifactKey: Guid(2189c43b06c2e694c975bf82d39a0a80) Importer(815301076,1909f56bfc062723c751e8b465ee728b)
Start importing Assets/Fbx/DarioPLayer/Mesh_0044Mat.mat using Guid(2189c43b06c2e694c975bf82d39a0a80) Importer(815301076,1909f56bfc062723c751e8b465ee728b)  -> (artifact id: '7c26803d4cf1670469413896e102ae1c') in 0.022017 seconds 
========================================================================
Received Import Request.
  Time since last request: 0.000176 seconds.
  path: Assets/Fbx/DarioPLayer/Mesh_0042Mat.mat
  artifactKey: Guid(28a92efc016ec4f4c83b732c09857f91) Importer(815301076,1909f56bfc062723c751e8b465ee728b)
Start importing Assets/Fbx/DarioPLayer/Mesh_0042Mat.mat using Guid(28a92efc016ec4f4c83b732c09857f91) Importer(815301076,1909f56bfc062723c751e8b465ee728b)  -> (artifact id: '0e01cbaa27e6c2e8c339b39d3c533fd9') in 0.011845 seconds 
========================================================================
Received Import Request.
  Time since last request: 0.000432 seconds.
  path: Assets/Fbx/DarioPLayer/Mesh_0043Mat.mat
  artifactKey: Guid(a840fe8d1565bd247afd4c7f18ea8404) Importer(815301076,1909f56bfc062723c751e8b465ee728b)
Start importing Assets/Fbx/DarioPLayer/Mesh_0043Mat.mat using Guid(a840fe8d1565bd247afd4c7f18ea8404) Importer(815301076,1909f56bfc062723c751e8b465ee728b)  -> (artifact id: '88d65c5f52f7ed9a5ae923292f87911b') in 0.056635 seconds 
========================================================================
Received Import Request.
  Time since last request: 0.000211 seconds.
  path: Assets/Fbx/DarioPLayer/Mesh_0045Mat.mat
  artifactKey: Guid(ac0ed237f0612dd42a0ab53ad4563893) Importer(815301076,1909f56bfc062723c751e8b465ee728b)
Start importing Assets/Fbx/DarioPLayer/Mesh_0045Mat.mat using Guid(ac0ed237f0612dd42a0ab53ad4563893) Importer(815301076,1909f56bfc062723c751e8b465ee728b)  -> (artifact id: '8084ee6053b7cef82d6ac68a3d1fb251') in 0.012616 seconds 
========================================================================
Received Import Request.
  Time since last request: 2.638675 seconds.
  path: Assets/Fbx/DarioPLayer/textures
  artifactKey: Guid(268079831ac55654491c2daa62996881) Importer(815301076,1909f56bfc062723c751e8b465ee728b)
Start importing Assets/Fbx/DarioPLayer/textures using Guid(268079831ac55654491c2daa62996881) Importer(815301076,1909f56bfc062723c751e8b465ee728b)  -> (artifact id: '1d0222309365a77b9aeaaf55140bc99c') in 0.004285 seconds 
========================================================================
Received Import Request.
  Time since last request: 16.244443 seconds.
  path: Assets/Materials/Black.mat
  artifactKey: Guid(063a19dfaed3af242895d56bf89a03ba) Importer(815301076,1909f56bfc062723c751e8b465ee728b)
Start importing Assets/Materials/Black.mat using Guid(063a19dfaed3af242895d56bf89a03ba) Importer(815301076,1909f56bfc062723c751e8b465ee728b)  -> (artifact id: 'b608eab6775d768119f469c7399c2788') in 0.011934 seconds 
========================================================================
Received Import Request.
  Time since last request: 6.832696 seconds.
  path: Assets/ParticleSystems/Prefabs
  artifactKey: Guid(07e3f1a0328ff8745a12b44a3b75ef3b) Importer(815301076,1909f56bfc062723c751e8b465ee728b)
Start importing Assets/ParticleSystems/Prefabs using Guid(07e3f1a0328ff8745a12b44a3b75ef3b) Importer(815301076,1909f56bfc062723c751e8b465ee728b)  -> (artifact id: '400bcbdd66e890f20e4cd667b8798509') in 0.003830 seconds 
========================================================================
Received Import Request.
  Time since last request: 0.000284 seconds.
  path: Assets/ParticleSystems/Prefabs/DustStorm.prefab
  artifactKey: Guid(1f7aa4d40edff6e48b549003cad031e1) Importer(815301076,1909f56bfc062723c751e8b465ee728b)
Start importing Assets/ParticleSystems/Prefabs/DustStorm.prefab using Guid(1f7aa4d40edff6e48b549003cad031e1) Importer(815301076,1909f56bfc062723c751e8b465ee728b)  -> (artifact id: '9e71286cfd5dd1bb1335daa409803214') in 0.038034 seconds 
========================================================================
Received Import Request.
  Time since last request: 36.621678 seconds.
  path: Assets/ParticleSystems/Textures/ParticleCloudWhite.png
  artifactKey: Guid(5b303ff28ad9368468a2edd759cf458d) Importer(815301076,1909f56bfc062723c751e8b465ee728b)
Start importing Assets/ParticleSystems/Textures/ParticleCloudWhite.png using Guid(5b303ff28ad9368468a2edd759cf458d) Importer(815301076,1909f56bfc062723c751e8b465ee728b)  -> (artifact id: '2687dff7b48ac090f2fff88824da352a') in 0.378036 seconds 
========================================================================
Received Import Request.
  Time since last request: 84.527964 seconds.
  path: Assets/_Scripts/GuiControl.cs
  artifactKey: Guid(a08dd3a901d623c4f845c60dfbfdd6fd) Importer(815301076,1909f56bfc062723c751e8b465ee728b)
Start importing Assets/_Scripts/GuiControl.cs using Guid(a08dd3a901d623c4f845c60dfbfdd6fd) Importer(815301076,1909f56bfc062723c751e8b465ee728b)  -> (artifact id: '48618112a2dac33f60273db1acc7be98') in 0.005489 seconds 
========================================================================
Received Prepare
Registering precompiled user dll's ...
Registered in 0.002299 seconds.
Begin MonoManager ReloadAssembly
Symbol file LoadedFromMemory doesn't match image D:\Projects\ProtoType\Prototype-M\Mecanicas-Base\Library\PackageCache\com.unity.collab-proxy@1.15.15\Lib\Editor\PlasticSCM\unityplastic.dll
Native extension for WindowsStandalone target not found
Native extension for WebGL target not found
Refreshing native plugins compatible for Editor in 0.51 ms, found 2 plugins.
Preloading 0 native plugins for Editor in 0.00 ms.
Mono: successfully reloaded assembly
- Completed reload, in  0.951 seconds
Domain Reload Profiling:
	ReloadAssembly (951ms)
		BeginReloadAssembly (124ms)
			ExecutionOrderSort (0ms)
			DisableScriptedObjects (3ms)
			BackupInstance (0ms)
			ReleaseScriptingObjects (0ms)
			CreateAndSetChildDomain (39ms)
		EndReloadAssembly (768ms)
			LoadAssemblies (100ms)
			RebuildTransferFunctionScriptingTraits (0ms)
			SetupTypeCache (279ms)
			ReleaseScriptCaches (1ms)
			RebuildScriptCaches (37ms)
			SetupLoadedEditorAssemblies (277ms)
				LogAssemblyErrors (0ms)
				InitializePlatformSupportModulesInManaged (4ms)
				SetLoadedEditorAssemblies (0ms)
				RefreshPlugins (1ms)
				BeforeProcessingInitializeOnLoad (65ms)
				ProcessInitializeOnLoadAttributes (191ms)
				ProcessInitializeOnLoadMethodAttributes (8ms)
				AfterProcessingInitializeOnLoad (7ms)
				EditorAssembliesLoaded (0ms)
			ExecutionOrderSort2 (0ms)
			AwakeInstancesAfterBackupRestoration (6ms)
Platform modules already initialized, skipping
Refreshing native plugins compatible for Editor in 0.53 ms, found 2 plugins.
Preloading 0 native plugins for Editor in 0.00 ms.
Unloading 2013 Unused Serialized files (Serialized files now loaded: 0)
System memory in use before: 94.5 MB.
System memory in use after: 94.5 MB.

Unloading 14 unused Assets to reduce memory usage. Loaded Objects now: 2550.
Total: 2.503000 ms (FindLiveObjects: 0.147800 ms CreateObjectMapping: 0.066900 ms MarkObjects: 2.212200 ms  DeleteObjects: 0.075600 ms)

AssetImportParameters requested are different than current active one (requested -> active):
  custom:framework-win-MediaFoundation: 216162199b28c13a410421893ffa2e32 -> 
  custom:video-decoder-ogg-theora: a1e56fd34408186e4bbccfd4996cb3dc -> 
  custom:container-muxer-webm: aa71ff27fc2769a1b78a27578f13a17b -> 
  custom:container-demuxer-webm: 4f35f7cbe854078d1ac9338744f61a02 -> 
  custom:container-demuxer-ogg: 62fdf1f143b41e24485cea50d1cbac27 -> 
  custom:video-encoder-webm-vp8: eb34c28f22e8b96e1ab97ce403110664 -> 
  custom:video-decoder-webm-vp8: 9c59270c3fd7afecdb556c50c9e8de78 -> 
  custom:audio-decoder-ogg-vorbis: bf7c407c2cedff20999df2af8eb42d56 -> 
  custom:audio-encoder-webm-vorbis: bf7c407c2cedff20999df2af8eb42d56 -> 
========================================================================
Received Prepare
Registering precompiled user dll's ...
Registered in 0.002587 seconds.
Begin MonoManager ReloadAssembly
Symbol file LoadedFromMemory doesn't match image D:\Projects\ProtoType\Prototype-M\Mecanicas-Base\Library\PackageCache\com.unity.collab-proxy@1.15.15\Lib\Editor\PlasticSCM\unityplastic.dll
Native extension for WindowsStandalone target not found
Native extension for WebGL target not found
Refreshing native plugins compatible for Editor in 0.46 ms, found 2 plugins.
Preloading 0 native plugins for Editor in 0.00 ms.
Mono: successfully reloaded assembly
- Completed reload, in  0.986 seconds
Domain Reload Profiling:
	ReloadAssembly (986ms)
		BeginReloadAssembly (129ms)
			ExecutionOrderSort (0ms)
			DisableScriptedObjects (4ms)
			BackupInstance (0ms)
			ReleaseScriptingObjects (0ms)
			CreateAndSetChildDomain (41ms)
		EndReloadAssembly (796ms)
			LoadAssemblies (95ms)
			RebuildTransferFunctionScriptingTraits (0ms)
			SetupTypeCache (280ms)
			ReleaseScriptCaches (1ms)
			RebuildScriptCaches (40ms)
			SetupLoadedEditorAssemblies (293ms)
				LogAssemblyErrors (0ms)
				InitializePlatformSupportModulesInManaged (4ms)
				SetLoadedEditorAssemblies (0ms)
				RefreshPlugins (1ms)
				BeforeProcessingInitializeOnLoad (69ms)
				ProcessInitializeOnLoadAttributes (202ms)
				ProcessInitializeOnLoadMethodAttributes (10ms)
				AfterProcessingInitializeOnLoad (7ms)
				EditorAssembliesLoaded (0ms)
			ExecutionOrderSort2 (0ms)
			AwakeInstancesAfterBackupRestoration (6ms)
Platform modules already initialized, skipping
Refreshing native plugins compatible for Editor in 0.41 ms, found 2 plugins.
Preloading 0 native plugins for Editor in 0.00 ms.
Unloading 2013 Unused Serialized files (Serialized files now loaded: 0)
System memory in use before: 94.5 MB.
System memory in use after: 94.6 MB.

Unloading 14 unused Assets to reduce memory usage. Loaded Objects now: 2554.
Total: 3.841400 ms (FindLiveObjects: 0.160900 ms CreateObjectMapping: 0.084300 ms MarkObjects: 3.495200 ms  DeleteObjects: 0.100000 ms)

AssetImportParameters requested are different than current active one (requested -> active):
  custom:framework-win-MediaFoundation: 216162199b28c13a410421893ffa2e32 -> 
  custom:video-decoder-ogg-theora: a1e56fd34408186e4bbccfd4996cb3dc -> 
  custom:container-muxer-webm: aa71ff27fc2769a1b78a27578f13a17b -> 
  custom:container-demuxer-webm: 4f35f7cbe854078d1ac9338744f61a02 -> 
  custom:container-demuxer-ogg: 62fdf1f143b41e24485cea50d1cbac27 -> 
  custom:video-encoder-webm-vp8: eb34c28f22e8b96e1ab97ce403110664 -> 
  custom:video-decoder-webm-vp8: 9c59270c3fd7afecdb556c50c9e8de78 -> 
  custom:audio-decoder-ogg-vorbis: bf7c407c2cedff20999df2af8eb42d56 -> 
  custom:audio-encoder-webm-vorbis: bf7c407c2cedff20999df2af8eb42d56 -> 
========================================================================
Received Import Request.
  Time since last request: 985.389507 seconds.
  path: Assets/_Scenes/BuldingsAreas.unity
  artifactKey: Guid(699572d9f4fca6a49975dd970b1d5eaf) Importer(815301076,1909f56bfc062723c751e8b465ee728b)
Start importing Assets/_Scenes/BuldingsAreas.unity using Guid(699572d9f4fca6a49975dd970b1d5eaf) Importer(815301076,1909f56bfc062723c751e8b465ee728b)  -> (artifact id: '132829eab56369267e733660f0d7e8c9') in 0.009072 seconds 
========================================================================
Received Import Request.
  Time since last request: 0.922801 seconds.
  path: Assets/_Scenes/TitleScreen.unity
  artifactKey: Guid(1436ceda8e3a1e94a9f01dd8dbd3cd60) Importer(815301076,1909f56bfc062723c751e8b465ee728b)
Start importing Assets/_Scenes/TitleScreen.unity using Guid(1436ceda8e3a1e94a9f01dd8dbd3cd60) Importer(815301076,1909f56bfc062723c751e8b465ee728b)  -> (artifact id: '9f45f0df5a866b5586a6cf7baad5a2aa') in 0.005033 seconds 
========================================================================
Received Import Request.
  Time since last request: 3962.050970 seconds.
  path: Assets/Fbx/EnemiTest/ZombiX/Ch10_body.mat
  artifactKey: Guid(2761d1b178e91cc44b60b3487b3edb32) Importer(815301076,1909f56bfc062723c751e8b465ee728b)
Start importing Assets/Fbx/EnemiTest/ZombiX/Ch10_body.mat using Guid(2761d1b178e91cc44b60b3487b3edb32) Importer(815301076,1909f56bfc062723c751e8b465ee728b)  -> (artifact id: '8077c99ab63a66ee3e6141a864f86692') in 0.191576 seconds 
========================================================================
Received Import Request.
  Time since last request: 0.000235 seconds.
  path: Assets/Fbx/EnemiTest/ZombiX/Ch10_body1.mat
  artifactKey: Guid(6298e3f05e83a1c43bd7c32d7347a991) Importer(815301076,1909f56bfc062723c751e8b465ee728b)
Start importing Assets/Fbx/EnemiTest/ZombiX/Ch10_body1.mat using Guid(6298e3f05e83a1c43bd7c32d7347a991) Importer(815301076,1909f56bfc062723c751e8b465ee728b)  -> (artifact id: 'fba3639fece28d2408533e2705650cc1') in 0.016090 seconds 
========================================================================
Received Prepare
Registering precompiled user dll's ...
Registered in 0.002592 seconds.
Begin MonoManager ReloadAssembly
Symbol file LoadedFromMemory doesn't match image D:\Projects\ProtoType\Prototype-M\Mecanicas-Base\Library\PackageCache\com.unity.collab-proxy@1.15.15\Lib\Editor\PlasticSCM\unityplastic.dll
Native extension for WindowsStandalone target not found
Native extension for WebGL target not found
Refreshing native plugins compatible for Editor in 0.41 ms, found 2 plugins.
Preloading 0 native plugins for Editor in 0.00 ms.
Mono: successfully reloaded assembly
- Completed reload, in  0.921 seconds
Domain Reload Profiling:
	ReloadAssembly (921ms)
		BeginReloadAssembly (167ms)
			ExecutionOrderSort (0ms)
			DisableScriptedObjects (7ms)
			BackupInstance (0ms)
			ReleaseScriptingObjects (0ms)
			CreateAndSetChildDomain (65ms)
		EndReloadAssembly (700ms)
			LoadAssemblies (98ms)
			RebuildTransferFunctionScriptingTraits (0ms)
			SetupTypeCache (246ms)
			ReleaseScriptCaches (1ms)
			RebuildScriptCaches (35ms)
			SetupLoadedEditorAssemblies (253ms)
				LogAssemblyErrors (0ms)
				InitializePlatformSupportModulesInManaged (4ms)
				SetLoadedEditorAssemblies (0ms)
				RefreshPlugins (0ms)
				BeforeProcessingInitializeOnLoad (62ms)
				ProcessInitializeOnLoadAttributes (172ms)
				ProcessInitializeOnLoadMethodAttributes (7ms)
				AfterProcessingInitializeOnLoad (7ms)
				EditorAssembliesLoaded (0ms)
			ExecutionOrderSort2 (0ms)
			AwakeInstancesAfterBackupRestoration (5ms)
Platform modules already initialized, skipping
Refreshing native plugins compatible for Editor in 0.41 ms, found 2 plugins.
Preloading 0 native plugins for Editor in 0.00 ms.
Unloading 2012 Unused Serialized files (Serialized files now loaded: 0)
System memory in use before: 94.5 MB.
System memory in use after: 94.6 MB.

Unloading 15 unused Assets to reduce memory usage. Loaded Objects now: 2558.
Total: 2.575700 ms (FindLiveObjects: 0.149400 ms CreateObjectMapping: 0.068200 ms MarkObjects: 2.251800 ms  DeleteObjects: 0.105400 ms)

AssetImportParameters requested are different than current active one (requested -> active):
  custom:framework-win-MediaFoundation: 216162199b28c13a410421893ffa2e32 -> 
  custom:video-decoder-ogg-theora: a1e56fd34408186e4bbccfd4996cb3dc -> 
  custom:container-muxer-webm: aa71ff27fc2769a1b78a27578f13a17b -> 
  custom:container-demuxer-webm: 4f35f7cbe854078d1ac9338744f61a02 -> 
  custom:container-demuxer-ogg: 62fdf1f143b41e24485cea50d1cbac27 -> 
  custom:video-encoder-webm-vp8: eb34c28f22e8b96e1ab97ce403110664 -> 
  custom:video-decoder-webm-vp8: 9c59270c3fd7afecdb556c50c9e8de78 -> 
  custom:audio-decoder-ogg-vorbis: bf7c407c2cedff20999df2af8eb42d56 -> 
  custom:audio-encoder-webm-vorbis: bf7c407c2cedff20999df2af8eb42d56 -> 
AssetImportWorkerClient::OnTransportError - code=2 error=End of file
